
  2023-06-24 22:53:03 INFO  Mechanic:41 - GAME START !
2023-06-24 23:14:23 INFO  Mechanic:23 - NUMBER OF PLAYERS: 2
2023-06-24 23:14:29 INFO  Mechanic:33 - KEYWORD: drapacz
2023-06-24 23:14:34 INFO  Mechanic:47 - PLAYERS: 
2023-06-24 23:14:34 INFO  Mechanic:49 - paul
2023-06-24 23:14:34 INFO  Mechanic:49 - harry
2023-06-24 23:14:34 INFO  Mechanic:52 - GAME START !
2023-06-24 23:14:37 INFO  Mechanic:66 - paulCHOSEN: d
2023-06-24 23:14:38 INFO  Mechanic:66 - harryCHOSEN: r
2023-06-24 23:14:39 INFO  Mechanic:66 - paulCHOSEN: a
2023-06-24 23:14:41 INFO  Mechanic:66 - harryCHOSEN: p
2023-06-24 23:14:42 INFO  Mechanic:66 - paulCHOSEN: c
2023-06-24 23:14:43 INFO  Mechanic:66 - harryCHOSEN: z
2023-06-24 23:14:43 INFO  Mechanic:87 - WIN !!!
2023-06-24 23:14:43 INFO  Mechanic:88 - paulIS THE BEST
2023-06-24 23:15:45 INFO  Mechanic:23 - NUMBER OF PLAYERS: 2
2023-06-24 23:15:46 INFO  Mechanic:33 - KEYWORD: paul
2023-06-24 23:15:55 INFO  Mechanic:47 - PLAYERS: 
2023-06-24 23:15:55 INFO  Mechanic:49 - harry
2023-06-24 23:15:55 INFO  Mechanic:49 - paul
2023-06-24 23:15:55 INFO  Mechanic:52 - GAME START !
2023-06-24 23:15:56 INFO  Mechanic:66 - harryCHOSEN: p
2023-06-24 23:15:56 INFO  Mechanic:66 - paulCHOSEN: a
2023-06-24 23:15:57 INFO  Mechanic:66 - harryCHOSEN: u
2023-06-24 23:15:58 INFO  Mechanic:66 - paulCHOSEN: l
2023-06-24 23:15:58 INFO  Mechanic:88 - WIN !!!
2023-06-24 23:15:58 INFO  Mechanic:89 - harryIS THE BEST
